<html>
<body>
<pre>
<h1>µVision Build Log</h1>
<h2>Tool Versions:</h2>
IDE-Version: µVision V5.38.0.0
Copyright (C) 2022 ARM Ltd and ARM Germany GmbH. All rights reserved.
License Information: Mohamed Ashraf, valeo, LIC=----
 
Tool Versions:
Toolchain:       MDK-Lite  Version: 5.38.0.0
Toolchain Path:  G:\Kiel5\ARM\ARMCLANG\Bin
C Compiler:      ArmClang.exe V6.19
Assembler:       Armasm.exe V6.19
Linker/Locator:  ArmLink.exe V6.19
Library Manager: ArmAr.exe V6.19
Hex Converter:   FromElf.exe V6.19
CPU DLL:         SARMCM3.DLL V5.38.0.0
Dialog DLL:      DCM.DLL V1.17.5.0
Target DLL:      STLink\ST-LINKIII-KEIL_SWO.dll V3.1.0.0
Dialog DLL:      TCM.DLL V1.56.4.0
 
<h2>Project:</h2>
G:\WX_CAREER\Grad Project\src\vehicle_intf\testing\Application\TargetApplication\MDK-ARM\TargetApplication.uvprojx
Project File Date:  04/17/2024

<h2>Output:</h2>
*** Using Compiler 'V6.19', folder: 'G:\Kiel5\ARM\ARMCLANG\Bin'
Build target 'TargetApplication'
compiling stm32f1xx_hal_msp.c...
../../../SimpleVehicleOps/simple_vehicle_ops.c(267): error: call to undeclared function 'delay_us'; ISO C99 and later do not support implicit function declarations [-Wimplicit-function-declaration]
    DELAY_US(10);
    ^
../../../SimpleVehicleOps/simple_vehicle_ops.c(257): note: expanded from macro 'DELAY_US'
#define DELAY_US(_D) delay_us(_D)
                     ^
../../../SimpleVehicleOps/simple_vehicle_ops.c(267): note: did you mean 'dely_us'?
../../../SimpleVehicleOps/simple_vehicle_ops.c(257): note: expanded from macro 'DELAY_US'
#define DELAY_US(_D) delay_us(_D)
                     ^
../../../SimpleVehicleOps/simple_vehicle_ops.c(253): note: 'dely_us' declared here
static void dely_us(uint32 delay) {
            ^
../../../SimpleVehicleOps/simple_vehicle_ops.c(282): warning: passing 'char[43]' to parameter of type 'const uint8 *' (aka 'const unsigned char *') converts between pointers to integer types where one is of the unique plain 'char' type and the other is not [-Wpointer-sign]
        SEND_LOG("\n I am in the HAL_TIM_IC_CaptureCallback");
        ~~~~~~~~~^~~~~~~~~~~~~~~~~~~~~~~~~~~~~~~~~~~~~~~~~~~~
../../../SimpleVehicleOps/simple_vehicle_ops.c(91): note: expanded from macro 'SEND_LOG'
#define SEND_LOG(_fmt, ...) send_log(_fmt "\r\n", ##__VA_ARGS__)
                                     ^~~~~~~~~~~
../../../SimpleVehicleOps/simple_vehicle_ops.c(93): note: passing argument to parameter 'pArg_u8StrFormat' here
__STATIC __NORETURN send_log(const uint8* restrict pArg_u8StrFormat, ...) {
                                                   ^
../../../SimpleVehicleOps/simple_vehicle_ops.c(321): warning: passing 'char[17]' to parameter of type 'const uint8 *' (aka 'const unsigned char *') converts between pointers to integer types where one is of the unique plain 'char' type and the other is not [-Wpointer-sign]
          SEND_LOG("\n Distance: %d", g_UssDistance);
          ~~~~~~~~~^~~~~~~~~~~~~~~~~~~~~~~~~~~~~~~~~
../../../SimpleVehicleOps/simple_vehicle_ops.c(91): note: expanded from macro 'SEND_LOG'
#define SEND_LOG(_fmt, ...) send_log(_fmt "\r\n", ##__VA_ARGS__)
                                     ^~~~~~~~~~~
../../../SimpleVehicleOps/simple_vehicle_ops.c(93): note: passing argument to parameter 'pArg_u8StrFormat' here
__STATIC __NORETURN send_log(const uint8* restrict pArg_u8StrFormat, ...) {
                                                   ^
../../../SimpleVehicleOps/simple_vehicle_ops.c(362): error: call to undeclared function 'delay_us'; ISO C99 and later do not support implicit function declarations [-Wimplicit-function-declaration]
                DELAY_MS(2);
                ^
../../../SimpleVehicleOps/simple_vehicle_ops.c(258): note: expanded from macro 'DELAY_MS'
#define DELAY_MS(_D) delay_us(_D)       
                     ^
../../../SimpleVehicleOps/simple_vehicle_ops.c(368): error: call to undeclared function 'delay_us'; ISO C99 and later do not support implicit function declarations [-Wimplicit-function-declaration]
        DELAY_MS(30); 
        ^
../../../SimpleVehicleOps/simple_vehicle_ops.c(258): note: expanded from macro 'DELAY_MS'
#define DELAY_MS(_D) delay_us(_D)       
                     ^
../../../SimpleVehicleOps/simple_vehicle_ops.c(379): error: call to undeclared function 'delay_us'; ISO C99 and later do not support implicit function declarations [-Wimplicit-function-declaration]
        DELAY_MS(30);
        ^
../../../SimpleVehicleOps/simple_vehicle_ops.c(258): note: expanded from macro 'DELAY_MS'
#define DELAY_MS(_D) delay_us(_D)       
                     ^
../../../SimpleVehicleOps/simple_vehicle_ops.c(384): warning: passing 'char[25]' to parameter of type 'const uint8 *' (aka 'const unsigned char *') converts between pointers to integer types where one is of the unique plain 'char' type and the other is not [-Wpointer-sign]
        SEND_LOG("\n Starting Application");
        ~~~~~~~~~^~~~~~~~~~~~~~~~~~~~~~~~~~
../../../SimpleVehicleOps/simple_vehicle_ops.c(91): note: expanded from macro 'SEND_LOG'
#define SEND_LOG(_fmt, ...) send_log(_fmt "\r\n", ##__VA_ARGS__)
                                     ^~~~~~~~~~~
../../../SimpleVehicleOps/simple_vehicle_ops.c(93): note: passing argument to parameter 'pArg_u8StrFormat' here
__STATIC __NORETURN send_log(const uint8* restrict pArg_u8StrFormat, ...) {
                                                   ^
3 warnings and 4 errors generated.
compiling simple_vehicle_ops.c...
compiling gpio.c...
compiling usart.c...
compiling stm32f1xx_hal.c...
compiling stm32f1xx_hal_gpio_ex.c...
compiling stm32f1xx_it.c...
../Core/Src/main.c(27): warning: In file included from...
../Core/Inc\simple_vehicle_ops.h(41): warning: In file included from...
../../../assets\Std_Types.h(40): warning: In file included from...
../../../assets/Compiler.h(171): warning: '__INLINE' macro redefined [-Wmacro-redefined]
    #define __INLINE inline
            ^
C:/Users/Wx/STM32Cube/Repository/STM32Cube_FW_F1_V1.8.5/Drivers/CMSIS/Include/cmsis_armclang.h(41): note: previous definition is here
  #define __INLINE                               __inline
          ^
../Core/Src/main.c(27): warning: In file included from...
../Core/Inc\simple_vehicle_ops.h(41): warning: In file included from...
../../../assets\Std_Types.h(40): warning: In file included from...
../../../assets/Compiler.h(199): warning: '__PACKED' macro redefined [-Wmacro-redefined]
    #define __PACKED    __attribute__((packed))
            ^
C:/Users/Wx/STM32Cube/Repository/STM32Cube_FW_F1_V1.8.5/Drivers/CMSIS/Include/cmsis_armclang.h(59): note: previous definition is here
  #define __PACKED                               __attribute__((packed, aligned(1)))
          ^
2 warnings generated.
compiling main.c...
compiling tim.c...
compiling stm32f1xx_hal_tim_ex.c...
compiling stm32f1xx_hal_rcc.c...
compiling stm32f1xx_hal_tim.c...
compiling stm32f1xx_hal_rcc_ex.c...
compiling stm32f1xx_hal_gpio.c...
compiling stm32f1xx_hal_pwr.c...
compiling stm32f1xx_hal_cortex.c...
compiling stm32f1xx_hal_flash.c...
compiling stm32f1xx_hal_dma.c...
compiling stm32f1xx_hal_exti.c...
compiling system_stm32f1xx.c...
compiling stm32f1xx_hal_flash_ex.c...
compiling stm32f1xx_hal_uart.c...
"TargetApplication\TargetApplication.axf" - 4 Error(s), 5 Warning(s).

<h2>Software Packages used:</h2>

Package Vendor: ARM
                http://www.keil.com/pack/ARM.CMSIS.5.9.0.pack
                ARM.CMSIS.5.9.0
                CMSIS (Common Microcontroller Software Interface Standard)
   * Component: CORE Version: 5.6.0

Package Vendor: Keil
                http://www.keil.com/pack/Keil.STM32F1xx_DFP.2.4.0.pack
                Keil.STM32F1xx_DFP.2.4.0
                STMicroelectronics STM32F1 Series Device Support, Drivers and Examples

<h2>Collection of Component include folders:</h2>
  ./RTE/_TargetApplication
  G:/Keil5ArmPacks/ARM/CMSIS/5.9.0/CMSIS/Core/Include
  G:/Keil5ArmPacks/Keil/STM32F1xx_DFP/2.4.0/Device/Include

<h2>Collection of Component Files used:</h2>

   * Component: ARM::CMSIS:CORE:5.6.0
      Include file:  CMSIS/Core/Include/tz_context.h
Target not created.
Build Time Elapsed:  00:00:04
</pre>
</body>
</html>
